  calculations.cpp
  main.cpp
  renderAndEvents.cpp
  entities.cpp
D:\docs\githubRepo\andrewGame\andrewGachiGame\MTK_API\entities.cpp(19,66): warning C4244: 'argument': conversion from 'T' to 'T', possible loss of data
          with
          [
              T=float
          ]
          and
          [
              T=int
          ]
D:\docs\githubRepo\andrewGame\andrewGachiGame\MTK_API\entities.cpp(19,47): warning C4244: 'argument': conversion from 'T' to 'T', possible loss of data
          with
          [
              T=float
          ]
          and
          [
              T=int
          ]
  Generating Code...
  MTK_API.vcxproj -> D:\docs\githubRepo\andrewGame\andrewGachiGame\Debug\MTK_API.exe
